#
# There is insufficient memory for the Java Runtime Environment to continue.
# Native memory allocation (malloc) failed to allocate 1048576 bytes for AllocateHeap
# Possible reasons:
#   The system is out of physical RAM or swap space
#   In 32 bit mode, the process size limit was hit
# Possible solutions:
#   Reduce memory load on the system
#   Increase physical memory or swap space
#   Check if swap backing store is full
#   Use 64 bit Java on a 64 bit OS
#   Decrease Java heap size (-Xmx/-Xms)
#   Decrease number of Java threads
#   Decrease Java thread stack sizes (-Xss)
#   Set larger code cache with -XX:ReservedCodeCacheSize=
# This output file may be truncated or incomplete.
#
#  Out of Memory Error (memory/allocation.inline.hpp:61), pid=2324, tid=0x00000000000049a8
#
# JRE version:  (8.0_112-b15) (build )
# Java VM: Java HotSpot(TM) 64-Bit Server VM (25.112-b15 mixed mode windows-amd64 compressed oops)
# Failed to write core dump. Minidumps are not enabled by default on client versions of Windows
#

---------------  T H R E A D  ---------------

Current thread (0x0000000002a90800):  JavaThread "Unknown thread" [_thread_in_vm, id=18856, stack(0x00000000028f0000,0x00000000029f0000)]

Stack: [0x00000000028f0000,0x00000000029f0000]
[error occurred during error reporting (printing stack bounds), id 0xc0000005]

Native frames: (J=compiled Java code, j=interpreted, Vv=VM code, C=native code)


---------------  P R O C E S S  ---------------

Java Threads: ( => current thread )

Other Threads:

=>0x0000000002a90800 (exited) JavaThread "Unknown thread" [_thread_in_vm, id=18856, stack(0x00000000028f0000,0x00000000029f0000)]

VM state:not at safepoint (normal execution)

VM Mutex/Monitor currently owned by a thread: None

Heap:
 PSYoungGen      total 38400K, used 665K [0x00000000d5d80000, 0x00000000d8800000, 0x0000000100000000)
  eden space 33280K, 2% used [0x00000000d5d80000,0x00000000d5e26670,0x00000000d7e00000)
  from space 5120K, 0% used [0x00000000d8300000,0x00000000d8300000,0x00000000d8800000)
  to   space 5120K, 0% used [0x00000000d7e00000,0x00000000d7e00000,0x00000000d8300000)
 ParOldGen       total 87552K, used 0K [0x0000000081800000, 0x0000000086d80000, 0x00000000d5d80000)
  object space 87552K, 0% used [0x0000000081800000,0x0000000081800000,0x0000000086d80000)
 Metaspace       used 746K, capacity 4480K, committed 4480K, reserved 1056768K
  class space    used 75K, capacity 384K, committed 384K, reserved 1048576K

Card table byte_map: [0x0000000011f50000,0x0000000012350000] byte_map_base: 0x0000000011b44000

Marking Bits: (ParMarkBitMap*) 0x000000007595a6d0
 Begin Bits: [0x0000000012a00000, 0x00000000149a0000)
 End Bits:   [0x00000000149a0000, 0x0000000016940000)

Polling page: 0x0000000000c70000

CodeCache: size=245760Kb used=328Kb max_used=328Kb free=245431Kb
 bounds [0x0000000002b90000, 0x0000000002e00000, 0x0000000011b90000]
 total_blobs=58 nmethods=0 adapters=38
 compilation: enabled

Compilation events (0 events):
No events

GC Heap History (0 events):
No events

Deoptimization events (0 events):
No events

Internal exceptions (0 events):
No events

Events (10 events):
Event: 0.026 loading class java/lang/Short
Event: 0.026 loading class java/lang/Short done
Event: 0.026 loading class java/lang/Integer
Event: 0.026 loading class java/lang/Integer done
Event: 0.026 loading class java/lang/Long
Event: 0.026 loading class java/lang/Long done
Event: 0.026 loading class java/lang/NullPointerException
Event: 0.026 loading class java/lang/NullPointerException done
Event: 0.026 loading class java/lang/ArithmeticException
Event: 0.026 loading class java/lang/ArithmeticException done


Dynamic libraries:
0x00007ff7fe8b0000 - 0x00007ff7fe8e7000 	C:\Program Files\Java\jre1.8.0_112\bin\javaw.exe
0x00007ffde46b0000 - 0x00007ffde4871000 	C:\Windows\SYSTEM32\ntdll.dll
0x00007ffde3d50000 - 0x00007ffde3dfd000 	C:\Windows\system32\KERNEL32.DLL
0x00007ffde0d60000 - 0x00007ffde0f48000 	C:\Windows\system32\KERNELBASE.dll
0x00007ffde3ca0000 - 0x00007ffde3d47000 	C:\Windows\system32\ADVAPI32.dll
0x00007ffde4470000 - 0x00007ffde450d000 	C:\Windows\system32\msvcrt.dll
0x00007ffde4100000 - 0x00007ffde415b000 	C:\Windows\system32\sechost.dll
0x00007ffde4270000 - 0x00007ffde438c000 	C:\Windows\system32\RPCRT4.dll
0x00007ffde39e0000 - 0x00007ffde3b36000 	C:\Windows\system32\USER32.dll
0x00007ffde36a0000 - 0x00007ffde3826000 	C:\Windows\system32\GDI32.dll
0x00007ffdd7c70000 - 0x00007ffdd7ee4000 	C:\Windows\WinSxS\amd64_microsoft.windows.common-controls_6595b64144ccf1df_6.0.10586.672_none_a2d6b3cea53ff843\COMCTL32.dll
0x00007ffde3e20000 - 0x00007ffde409d000 	C:\Windows\system32\combase.dll
0x00007ffde0ca0000 - 0x00007ffde0d0a000 	C:\Windows\system32\bcryptPrimitives.dll
0x00007ffde4510000 - 0x00007ffde454b000 	C:\Windows\system32\IMM32.DLL
0x0000000076fd0000 - 0x00000000770a2000 	C:\Program Files\Java\jre1.8.0_112\bin\msvcr100.dll
0x0000000075140000 - 0x00000000759da000 	C:\Program Files\Java\jre1.8.0_112\bin\server\jvm.dll
0x00007ffde0f50000 - 0x00007ffde0f73000 	C:\Windows\system32\WINMM.dll
0x00007ffde0aa0000 - 0x00007ffde0acc000 	C:\Windows\system32\WINMMBASE.dll
0x00007ffde0d10000 - 0x00007ffde0d53000 	C:\Windows\system32\cfgmgr32.dll
0x00007ffde4460000 - 0x00007ffde4468000 	C:\Windows\system32\PSAPI.DLL
0x00007ffddd7b0000 - 0x00007ffddd7b9000 	C:\Windows\SYSTEM32\WSOCK32.dll
0x00007ffddd730000 - 0x00007ffddd73a000 	C:\Windows\SYSTEM32\VERSION.dll
0x00007ffde4390000 - 0x00007ffde43fb000 	C:\Windows\system32\WS2_32.dll
0x0000000050b00000 - 0x0000000050b0f000 	C:\Program Files\Java\jre1.8.0_112\bin\verify.dll
0x0000000076fa0000 - 0x0000000076fc9000 	C:\Program Files\Java\jre1.8.0_112\bin\java.dll
0x0000000076f80000 - 0x0000000076f96000 	C:\Program Files\Java\jre1.8.0_112\bin\zip.dll

VM Arguments:
jvm_args: -Dfile.encoding=GBK 
java_command: Dome
java_class_path (initial): F:\eclipse\数据结构课设――二叉树遍历\bin
Launcher Type: SUN_STANDARD

Environment Variables:
JAVA_HOME=D:\java
CLASSPATH=D:\java\jre\bin\rt.jar;.;
PATH=D:/java/bin/../jre/bin/server;D:/java/bin/../jre/bin;D:/java/bin/../jre/lib/amd64;C:\Program Files\Microsoft SQL Server\110\DTS\Binn\;C:\Program Files (x86)\Microsoft SQL Server\110\Tools\Binn\;C:\Program Files\Microsoft SQL Server\110\Tools\Binn\;C:\Program Files (x86)\Microsoft SQL Server\110\Tools\Binn\ManagementStudio\;C:\Program Files (x86)\Microsoft Visual Studio 10.0\Common7\IDE\PrivateAssemblies\;C:\Program Files (x86)\Microsoft SQL Server\110\DTS\Binn\;D:\java\bin;D:\eclipse\eclipse;
USERNAME=asus
OS=Windows_NT
PROCESSOR_IDENTIFIER=Intel64 Family 6 Model 94 Stepping 3, GenuineIntel



---------------  S Y S T E M  ---------------

OS: Windows 10.0 , 64 bit Build 10586 (10.0.10586.589)

CPU:total 4 (4 cores per cpu, 1 threads per core) family 6 model 94 stepping 3, cmov, cx8, fxsr, mmx, sse, sse2, sse3, ssse3, sse4.1, sse4.2, popcnt, avx, avx2, aes, clmul, erms, rtm, 3dnowpref, lzcnt, tsc, tscinvbit, bmi1, bmi2, adx

Memory: 4k page, physical 8282232k(2649448k free), swap 24011124k(6372k free)

vm_info: Java HotSpot(TM) 64-Bit Server VM (25.112-b15) for windows-amd64 JRE (1.8.0_112-b15), built on Sep 22 2016 21:31:56 by "java_re" with MS VC++ 10.0 (VS2010)

time: Sat Dec 30 22:39:09 2017
elapsed time: 0 seconds (0d 0h 0m 0s)

